#
# There is insufficient memory for the Java Runtime Environment to continue.
# Native memory allocation (malloc) failed to allocate 32744 bytes for ChunkPool::allocate
# Possible reasons:
#   The system is out of physical RAM or swap space
#   The process is running with CompressedOops enabled, and the Java Heap may be blocking the growth of the native heap
# Possible solutions:
#   Reduce memory load on the system
#   Increase physical memory or swap space
#   Check if swap backing store is full
#   Decrease Java heap size (-Xmx/-Xms)
#   Decrease number of Java threads
#   Decrease Java thread stack sizes (-Xss)
#   Set larger code cache with -XX:ReservedCodeCacheSize=
#   JVM is running with Unscaled Compressed Oops mode in which the Java heap is
#     placed in the first 4GB address space. The Java Heap base address is the
#     maximum limit for the native heap growth. Please use -XX:HeapBaseMinAddress
#     to set the Java Heap base and to place the Java Heap above 4GB virtual address.
# This output file may be truncated or incomplete.
#
#  Out of Memory Error (allocation.cpp:272), pid=215412, tid=0x0000000000033868
#
# JRE version: OpenJDK Runtime Environment (8.0_242-b01) (build 1.8.0_242-release-1644-b01)
# Java VM: OpenJDK 64-Bit Server VM (25.242-b01 mixed mode windows-amd64 compressed oops)
# Failed to write core dump. Minidumps are not enabled by default on client versions of Windows
#

---------------  T H R E A D  ---------------

Current thread (0x0000000018142000):  JavaThread "C2 CompilerThread2" daemon [_thread_in_native, id=211048, stack(0x0000000019820000,0x0000000019920000)]

Stack: [0x0000000019820000,0x0000000019920000]
[error occurred during error reporting (printing stack bounds), id 0xc0000005]

Native frames: (J=compiled Java code, j=interpreted, Vv=VM code, C=native code)


Current CompileTask:
C2: 277672 14917       4      
[error occurred during error reporting (printing current compile task), id 0xe0000001]


---------------  P R O C E S S  ---------------

Java Threads: ( => current thread )
  0x000000002f76d000 JavaThread "Cache worker for Build Output Cleanup Cache (D:\Project\git\Bob\Bob_android\.gradle\buildOutputCleanup)" [_thread_blocked, id=215708, stack(0x0000000028a70000,0x0000000028b70000)]
  0x000000002f762000 JavaThread "Build operations Thread 12" [_thread_blocked, id=216104, stack(0x0000000022a40000,0x0000000022b40000)]
  0x000000002f768000 JavaThread "Build operations Thread 11" [_thread_blocked, id=210924, stack(0x0000000022940000,0x0000000022a40000)]
  0x000000002f768800 JavaThread "Build operations Thread 10" [_thread_blocked, id=215512, stack(0x0000000022840000,0x0000000022940000)]
  0x000000002f760800 JavaThread "Build operations Thread 9" [_thread_blocked, id=204924, stack(0x0000000022740000,0x0000000022840000)]
  0x000000002f767000 JavaThread "Build operations Thread 8" [_thread_blocked, id=205412, stack(0x0000000022640000,0x0000000022740000)]
  0x000000002f765000 JavaThread "Build operations Thread 7" [_thread_blocked, id=210656, stack(0x0000000022540000,0x0000000022640000)]
  0x000000002f764000 JavaThread "Build operations Thread 6" [_thread_blocked, id=202060, stack(0x0000000022440000,0x0000000022540000)]
  0x000000002f762800 JavaThread "Build operations Thread 5" [_thread_blocked, id=212564, stack(0x0000000022340000,0x0000000022440000)]
  0x000000002f763800 JavaThread "Build operations Thread 4" [_thread_blocked, id=201716, stack(0x0000000021b40000,0x0000000021c40000)]
  0x000000002f766800 JavaThread "Build operations Thread 3" [_thread_blocked, id=213628, stack(0x0000000020150000,0x0000000020250000)]
  0x000000002f765800 JavaThread "Build operations Thread 2" [_thread_blocked, id=192928, stack(0x0000000020050000,0x0000000020150000)]
  0x000000002f761000 JavaThread "Build operations" [_thread_blocked, id=208968, stack(0x000000001ff50000,0x0000000020050000)]
  0x000000002f759000 JavaThread "Cache worker for cache directory md-rule (C:\Users\vincent\.gradle\caches\6.5\md-rule)" [_thread_blocked, id=212784, stack(0x000000001da70000,0x000000001db70000)]
  0x000000002f75f800 JavaThread "Cache worker for cache directory md-supplier (C:\Users\vincent\.gradle\caches\6.5\md-supplier)" [_thread_blocked, id=215936, stack(0x000000001d470000,0x000000001d570000)]
  0x000000002f759800 JavaThread "Cache worker for checksums cache (D:\Project\git\Bob\Bob_android\.gradle\checksums)" [_thread_blocked, id=214944, stack(0x000000001d370000,0x000000001d470000)]
  0x000000002f758000 JavaThread "Cache worker for file hash cache (D:\Project\git\Bob\Bob_android\.gradle\6.5\fileHashes)" [_thread_blocked, id=215700, stack(0x000000001d270000,0x000000001d370000)]
  0x000000002f75b000 JavaThread "Thread-451" [_thread_blocked, id=170896, stack(0x000000001d170000,0x000000001d270000)]
  0x000000002f757800 JavaThread "Stdin handler" [_thread_blocked, id=214676, stack(0x000000001cd70000,0x000000001ce70000)]
  0x000000002f75e000 JavaThread "Asynchronous log dispatcher for DefaultDaemonConnection: socket connection from /127.0.0.1:55443 to /127.0.0.1:55655" [_thread_blocked, id=210016, stack(0x000000001c7c0000,0x000000001c8c0000)]
  0x000000002f75d800 JavaThread "Cancel handler" [_thread_blocked, id=194612, stack(0x0000000000980000,0x0000000000a80000)]
  0x000000002f75c800 JavaThread "Handler for socket connection from /127.0.0.1:55443 to /127.0.0.1:55655" [_thread_in_native, id=201160, stack(0x0000000000880000,0x0000000000980000)]
  0x000000002f75f000 JavaThread "ForkJoinPool.commonPool-worker-4" daemon [_thread_blocked, id=196416, stack(0x000000002d8f0000,0x000000002d9f0000)]
  0x000000002f75a800 JavaThread "ForkJoinPool.commonPool-worker-11" daemon [_thread_blocked, id=208776, stack(0x000000002d7f0000,0x000000002d8f0000)]
  0x000000002f75c000 JavaThread "ForkJoinPool.commonPool-worker-0" daemon [_thread_blocked, id=212484, stack(0x000000002d200000,0x000000002d300000)]
  0x000000001f260800 JavaThread "ForkJoinPool.commonPool-worker-5" daemon [_thread_blocked, id=206508, stack(0x000000002cdf0000,0x000000002cef0000)]
  0x000000001f260000 JavaThread "ForkJoinPool.commonPool-worker-12" daemon [_thread_blocked, id=214284, stack(0x000000002caf0000,0x000000002cbf0000)]
  0x000000001e8a3000 JavaThread "jar transforms Thread 276" [_thread_blocked, id=187432, stack(0x0000000028970000,0x0000000028a70000)]
  0x000000001e8a9800 JavaThread "jar transforms Thread 275" [_thread_blocked, id=215076, stack(0x0000000028870000,0x0000000028970000)]
  0x000000001e8a9000 JavaThread "jar transforms Thread 274" [_thread_blocked, id=210792, stack(0x0000000028770000,0x0000000028870000)]
  0x000000001e8a8000 JavaThread "jar transforms Thread 273" [_thread_blocked, id=206560, stack(0x0000000028670000,0x0000000028770000)]
  0x000000001e8a2000 JavaThread "jar transforms Thread 272" [_thread_blocked, id=216228, stack(0x0000000028570000,0x0000000028670000)]
  0x000000001e8a5000 JavaThread "jar transforms Thread 271" [_thread_blocked, id=209688, stack(0x0000000028470000,0x0000000028570000)]
  0x000000001e8a4800 JavaThread "jar transforms Thread 270" [_thread_blocked, id=189600, stack(0x0000000028370000,0x0000000028470000)]
  0x000000001e8a0800 JavaThread "jar transforms Thread 269" [_thread_blocked, id=211788, stack(0x0000000028270000,0x0000000028370000)]
  0x000000001e8a1800 JavaThread "jar transforms Thread 268" [_thread_blocked, id=211880, stack(0x0000000028170000,0x0000000028270000)]
  0x000000001e8a7800 JavaThread "jar transforms Thread 267" [_thread_blocked, id=198776, stack(0x0000000028070000,0x0000000028170000)]
  0x000000001e8a0000 JavaThread "jar transforms Thread 266" [_thread_blocked, id=214804, stack(0x0000000027f70000,0x0000000028070000)]
  0x000000001e8a3800 JavaThread "jar transforms Thread 265" [_thread_blocked, id=207776, stack(0x0000000027e70000,0x0000000027f70000)]
  0x000000001e8a6000 JavaThread "jar transforms Thread 264" [_thread_blocked, id=173920, stack(0x0000000027d70000,0x0000000027e70000)]
  0x000000001e8a6800 JavaThread "jar transforms Thread 263" [_thread_blocked, id=206160, stack(0x0000000027c70000,0x0000000027d70000)]
  0x000000001e89f000 JavaThread "jar transforms Thread 262" [_thread_blocked, id=203588, stack(0x0000000027b70000,0x0000000027c70000)]
  0x0000000020ad8800 JavaThread "jar transforms Thread 261" [_thread_blocked, id=202980, stack(0x0000000027a70000,0x0000000027b70000)]
  0x0000000020ad5800 JavaThread "jar transforms Thread 260" [_thread_blocked, id=205520, stack(0x0000000027970000,0x0000000027a70000)]
  0x0000000020ad4000 JavaThread "jar transforms Thread 259" [_thread_blocked, id=208020, stack(0x0000000027870000,0x0000000027970000)]
  0x0000000020ad2800 JavaThread "jar transforms Thread 258" [_thread_blocked, id=198792, stack(0x0000000027770000,0x0000000027870000)]
  0x0000000020ad9800 JavaThread "jar transforms Thread 257" [_thread_blocked, id=199384, stack(0x0000000027540000,0x0000000027640000)]
  0x0000000020ad7000 JavaThread "jar transforms Thread 256" [_thread_blocked, id=215524, stack(0x0000000027440000,0x0000000027540000)]
  0x0000000020ad3800 JavaThread "jar transforms Thread 255" [_thread_blocked, id=213636, stack(0x0000000027340000,0x0000000027440000)]
  0x0000000020ad6800 JavaThread "jar transforms Thread 254" [_thread_blocked, id=206676, stack(0x0000000027240000,0x0000000027340000)]
  0x0000000020ad5000 JavaThread "jar transforms Thread 253" [_thread_blocked, id=191432, stack(0x0000000027140000,0x0000000027240000)]
  0x0000000020ad8000 JavaThread "jar transforms Thread 252" [_thread_blocked, id=211492, stack(0x0000000027040000,0x0000000027140000)]
  0x000000001ae0e800 JavaThread "jar transforms Thread 251" [_thread_blocked, id=210372, stack(0x0000000026f40000,0x0000000027040000)]
  0x000000001ae0e000 JavaThread "jar transforms Thread 250" [_thread_blocked, id=175676, stack(0x0000000026e40000,0x0000000026f40000)]
  0x000000001ae0d000 JavaThread "jar transforms Thread 249" [_thread_blocked, id=215484, stack(0x0000000026d40000,0x0000000026e40000)]
  0x000000001ae0b800 JavaThread "jar transforms Thread 248" [_thread_blocked, id=215568, stack(0x0000000026c40000,0x0000000026d40000)]
  0x000000001ae0b000 JavaThread "jar transforms Thread 247" [_thread_blocked, id=206980, stack(0x0000000026b40000,0x0000000026c40000)]
  0x000000001ae0a000 JavaThread "jar transforms Thread 246" [_thread_blocked, id=206904, stack(0x0000000026a40000,0x0000000026b40000)]
  0x000000001ae0c800 JavaThread "jar transforms Thread 245" [_thread_blocked, id=215312, stack(0x0000000026940000,0x0000000026a40000)]
  0x000000001ae09800 JavaThread "jar transforms Thread 244" [_thread_blocked, id=213792, stack(0x0000000026840000,0x0000000026940000)]
  0x000000001ae02000 JavaThread "jar transforms Thread 243" [_thread_blocked, id=189748, stack(0x0000000026740000,0x0000000026840000)]
  0x000000001ae07000 JavaThread "jar transforms Thread 242" [_thread_blocked, id=210028, stack(0x0000000026640000,0x0000000026740000)]
  0x000000001ae06800 JavaThread "jar transforms Thread 241" [_thread_blocked, id=213092, stack(0x0000000026540000,0x0000000026640000)]
  0x000000001ae04000 JavaThread "jar transforms Thread 240" [_thread_blocked, id=211744, stack(0x0000000026440000,0x0000000026540000)]
  0x000000001ae05800 JavaThread "jar transforms Thread 239" [_thread_blocked, id=215012, stack(0x0000000026340000,0x0000000026440000)]
  0x000000001ae08800 JavaThread "jar transforms Thread 238" [_thread_blocked, id=214560, stack(0x0000000026240000,0x0000000026340000)]
  0x000000001ae08000 JavaThread "jar transforms Thread 237" [_thread_blocked, id=212788, stack(0x0000000026140000,0x0000000026240000)]
  0x000000001ae05000 JavaThread "jar transforms Thread 236" [_thread_blocked, id=215188, stack(0x0000000026040000,0x0000000026140000)]
  0x000000001ae03800 JavaThread "jar transforms Thread 235" [_thread_blocked, id=208132, stack(0x0000000025f40000,0x0000000026040000)]
  0x000000001adff800 JavaThread "jar transforms Thread 234" [_thread_blocked, id=193620, stack(0x0000000025e40000,0x0000000025f40000)]
  0x000000001ae01000 JavaThread "jar transforms Thread 233" [_thread_blocked, id=206624, stack(0x0000000025d40000,0x0000000025e40000)]
  0x000000001ae02800 JavaThread "jar transforms Thread 232" [_thread_blocked, id=214780, stack(0x0000000025c40000,0x0000000025d40000)]
  0x000000001ae00800 JavaThread "jar transforms Thread 231" [_thread_blocked, id=215812, stack(0x0000000025b40000,0x0000000025c40000)]
  0x0000000020b47000 JavaThread "jar transforms Thread 230" [_thread_blocked, id=199316, stack(0x0000000025a40000,0x0000000025b40000)]
  0x0000000020b4b000 JavaThread "jar transforms Thread 229" [_thread_blocked, id=210496, stack(0x0000000025940000,0x0000000025a40000)]
  0x000000001face000 JavaThread "jar transforms Thread 228" [_thread_blocked, id=213308, stack(0x0000000025840000,0x0000000025940000)]
  0x000000001face800 JavaThread "jar transforms Thread 227" [_thread_blocked, id=207340, stack(0x0000000025740000,0x0000000025840000)]
  0x000000001facd000 JavaThread "jar transforms Thread 226" [_thread_blocked, id=216132, stack(0x0000000025640000,0x0000000025740000)]
  0x000000001facf800 JavaThread "jar transforms Thread 225" [_thread_blocked, id=211908, stack(0x0000000025340000,0x0000000025440000)]
  0x000000001fad0000 JavaThread "jar transforms Thread 224" [_thread_blocked, id=211300, stack(0x0000000025240000,0x0000000025340000)]
  0x000000001eda6800 JavaThread "jar transforms Thread 223" [_thread_blocked, id=202940, stack(0x0000000025140000,0x0000000025240000)]
  0x000000001eda6000 JavaThread "jar transforms Thread 222" [_thread_blocked, id=213148, stack(0x0000000025040000,0x0000000025140000)]
  0x000000001eda5000 JavaThread "jar transforms Thread 221" [_thread_blocked, id=194596, stack(0x0000000024f40000,0x0000000025040000)]
  0x000000001eda3800 JavaThread "jar transforms Thread 220" [_thread_blocked, id=205076, stack(0x0000000024e40000,0x0000000024f40000)]
  0x000000001eda7800 JavaThread "jar transforms Thread 219" [_thread_blocked, id=214280, stack(0x0000000024d40000,0x0000000024e40000)]
  0x000000001eda2000 JavaThread "jar transforms Thread 218" [_thread_blocked, id=204236, stack(0x0000000024c40000,0x0000000024d40000)]
  0x000000001ed9a000 JavaThread "jar transforms Thread 217" [_thread_blocked, id=209692, stack(0x0000000024b40000,0x0000000024c40000)]
  0x000000001ed99000 JavaThread "jar transforms Thread 216" [_thread_blocked, id=215324, stack(0x0000000024a40000,0x0000000024b40000)]
  0x000000001eda0000 JavaThread "jar transforms Thread 215" [_thread_blocked, id=194916, stack(0x0000000024940000,0x0000000024a40000)]
  0x000000001ed98800 JavaThread "jar transforms Thread 214" [_thread_blocked, id=206120, stack(0x0000000024840000,0x0000000024940000)]
  0x000000001ed9e800 JavaThread "jar transforms Thread 213" [_thread_blocked, id=206628, stack(0x0000000024740000,0x0000000024840000)]
  0x000000001ed9d000 JavaThread "jar transforms Thread 212" [_thread_blocked, id=214464, stack(0x0000000024640000,0x0000000024740000)]
  0x000000001fd22800 JavaThread "jar transforms Thread 211" [_thread_blocked, id=214432, stack(0x0000000024540000,0x0000000024640000)]
  0x000000001fd20800 JavaThread "jar transforms Thread 210" [_thread_blocked, id=215008, stack(0x0000000024440000,0x0000000024540000)]
  0x000000001fd21000 JavaThread "jar transforms Thread 209" [_thread_blocked, id=216500, stack(0x0000000024340000,0x0000000024440000)]
  0x000000001fd22000 JavaThread "jar transforms Thread 208" [_thread_blocked, id=194516, stack(0x0000000024240000,0x0000000024340000)]
  0x000000001fd1f800 JavaThread "jar transforms Thread 207" [_thread_blocked, id=216888, stack(0x0000000024140000,0x0000000024240000)]
  0x000000001fd1f000 JavaThread "jar transforms Thread 206" [_thread_blocked, id=200712, stack(0x0000000024040000,0x0000000024140000)]
  0x000000001fd17000 JavaThread "jar transforms Thread 205" [_thread_blocked, id=213208, stack(0x0000000023f40000,0x0000000024040000)]
  0x000000001fd1e000 JavaThread "jar transforms Thread 204" [_thread_blocked, id=169284, stack(0x0000000023e40000,0x0000000023f40000)]
  0x000000001fd1d800 JavaThread "jar transforms Thread 203" [_thread_blocked, id=214428, stack(0x0000000023d40000,0x0000000023e40000)]
  0x000000001fd16800 JavaThread "jar transforms Thread 202" [_thread_blocked, id=210136, stack(0x0000000023c40000,0x0000000023d40000)]
  0x000000001fd15000 JavaThread "jar transforms Thread 201" [_thread_blocked, id=208196, stack(0x0000000023b40000,0x0000000023c40000)]
  0x000000001fd18000 JavaThread "jar transforms Thread 200" [_thread_blocked, id=207940, stack(0x0000000023a40000,0x0000000023b40000)]
  0x000000001ea30800 JavaThread "jar transforms Thread 199" [_thread_blocked, id=208692, stack(0x0000000023940000,0x0000000023a40000)]
  0x000000001ea2a800 JavaThread "jar transforms Thread 198" [_thread_blocked, id=217072, stack(0x0000000023840000,0x0000000023940000)]
  0x000000001ea30000 JavaThread "jar transforms Thread 197" [_thread_blocked, id=184880, stack(0x0000000023740000,0x0000000023840000)]
  0x000000001ea2b800 JavaThread "jar transforms Thread 196" [_thread_blocked, id=212476, stack(0x0000000023640000,0x0000000023740000)]
  0x000000001ea31800 JavaThread "jar transforms Thread 195" [_thread_blocked, id=215928, stack(0x0000000023540000,0x0000000023640000)]
  0x000000001ea2e800 JavaThread "jar transforms Thread 194" [_thread_blocked, id=216516, stack(0x0000000023440000,0x0000000023540000)]
  0x000000001ea2d800 JavaThread "jar transforms Thread 193" [_thread_blocked, id=194508, stack(0x0000000023340000,0x0000000023440000)]
  0x000000001ea2d000 JavaThread "jar transforms Thread 192" [_thread_blocked, id=200520, stack(0x0000000023240000,0x0000000023340000)]
  0x000000001ea2a000 JavaThread "jar transforms Thread 191" [_thread_blocked, id=212624, stack(0x0000000023140000,0x0000000023240000)]
  0x000000001ea2f000 JavaThread "jar transforms Thread 190" [_thread_blocked, id=197056, stack(0x0000000023040000,0x0000000023140000)]
  0x000000001ea22800 JavaThread "jar transforms Thread 189" [_thread_blocked, id=216256, stack(0x0000000022f40000,0x0000000023040000)]
  0x000000001ea29000 JavaThread "jar transforms Thread 188" [_thread_blocked, id=209204, stack(0x0000000022e40000,0x0000000022f40000)]
  0x000000001ea28800 JavaThread "jar transforms Thread 187" [_thread_blocked, id=214404, stack(0x0000000022d40000,0x0000000022e40000)]
  0x000000001ea26000 JavaThread "jar transforms Thread 186" [_thread_blocked, id=214744, stack(0x0000000022c40000,0x0000000022d40000)]
  0x000000001ea25800 JavaThread "jar transforms Thread 185" [_thread_blocked, id=215884, stack(0x0000000022b40000,0x0000000022c40000)]
  0x000000001be3d800 JavaThread "Daemon worker Thread 3" [_thread_in_Java, id=215764, stack(0x000000001c6c0000,0x000000001c7c0000)]
  0x000000001be3f800 JavaThread "Daemon Thread 3" [_thread_blocked, id=213972, stack(0x0000000000710000,0x0000000000810000)]
  0x000000001ed9f000 JavaThread "Cache worker for Java compile cache (C:\Users\vincent\.gradle\caches\6.5\javaCompile)" [_thread_blocked, id=207572, stack(0x000000002a5a0000,0x000000002a6a0000)]
  0x000000001fd1c000 JavaThread "Memory manager" [_thread_blocked, id=193664, stack(0x0000000029d70000,0x0000000029e70000)]
  0x000000001facb000 JavaThread "Cache worker for file content cache (C:\Users\vincent\.gradle\caches\6.5\fileContent)" [_thread_blocked, id=215792, stack(0x0000000021c40000,0x0000000021d40000)]
  0x000000001facc800 JavaThread "Cache worker for execution history cache (C:\Users\vincent\.gradle\caches\6.5\executionHistory)" [_thread_blocked, id=204932, stack(0x0000000021440000,0x0000000021540000)]
  0x0000000019cd2800 JavaThread "Cache worker for file hash cache (C:\Users\vincent\.gradle\caches\6.5\fileHashes)" [_thread_blocked, id=193384, stack(0x000000001d970000,0x000000001da70000)]
  0x000000001b8ab000 JavaThread "File lock request listener" [_thread_in_native, id=201276, stack(0x000000001d870000,0x000000001d970000)]
  0x000000001ba6c800 JavaThread "Cache worker for journal cache (C:\Users\vincent\.gradle\caches\journal-1)" [_thread_blocked, id=207308, stack(0x000000001d770000,0x000000001d870000)]
  0x000000001b7de000 JavaThread "Daemon periodic checks" [_thread_blocked, id=205624, stack(0x000000001ca70000,0x000000001cb70000)]
  0x000000001b7b7000 JavaThread "Incoming local TCP Connector on port 55443" [_thread_in_native, id=214116, stack(0x000000001c8c0000,0x000000001c9c0000)]
  0x000000001b72e800 JavaThread "Daemon health stats" [_thread_blocked, id=208564, stack(0x000000001c5c0000,0x000000001c6c0000)]
  0x00000000181c6000 JavaThread "Service Thread" daemon [_thread_blocked, id=207840, stack(0x0000000019a20000,0x0000000019b20000)]
  0x0000000018143800 JavaThread "C1 CompilerThread3" daemon [_thread_in_native, id=208328, stack(0x0000000019920000,0x0000000019a20000)]
=>0x0000000018142000 JavaThread "C2 CompilerThread2" daemon [_thread_in_native, id=211048, stack(0x0000000019820000,0x0000000019920000)]
  0x000000001813a000 JavaThread "C2 CompilerThread1" daemon [_thread_in_native, id=195392, stack(0x0000000019720000,0x0000000019820000)]
  0x0000000018134000 JavaThread "C2 CompilerThread0" daemon [_thread_in_native, id=198412, stack(0x0000000019620000,0x0000000019720000)]
  0x0000000018130000 JavaThread "Attach Listener" daemon [_thread_blocked, id=204984, stack(0x0000000019520000,0x0000000019620000)]
  0x00000000180dc000 JavaThread "Signal Dispatcher" daemon [_thread_blocked, id=167992, stack(0x0000000019420000,0x0000000019520000)]
  0x0000000016a02000 JavaThread "Finalizer" daemon [_thread_blocked, id=196316, stack(0x0000000019320000,0x0000000019420000)]
  0x00000000180c3000 JavaThread "Reference Handler" daemon [_thread_blocked, id=209264, stack(0x0000000019220000,0x0000000019320000)]
  0x0000000002942800 JavaThread "main" [_thread_blocked, id=181428, stack(0x0000000002840000,0x0000000002940000)]

Other Threads:
  0x00000000169f5000 VMThread [stack: 0x0000000019120000,0x0000000019220000] [id=201668]
  0x0000000018171800 WatcherThread [stack: 0x0000000019b20000,0x0000000019c20000] [id=211148]

VM state:not at safepoint (normal execution)

VM Mutex/Monitor currently owned by a thread: None

heap address: 0x00000000a0000000, size: 1536 MB, Compressed Oops mode: 32-bit
Narrow klass base: 0x0000000000000000, Narrow klass shift: 3
Compressed class space size: 1073741824 Address: 0x0000000100000000

Heap:
 PSYoungGen      total 299008K, used 101887K [0x00000000e0000000, 0x00000000f4100000, 0x0000000100000000)
  eden space 276480K, 28% used [0x00000000e0000000,0x00000000e4dd4e38,0x00000000f0e00000)
  from space 22528K, 98% used [0x00000000f2b00000,0x00000000f40aaf00,0x00000000f4100000)
  to   space 25600K, 0% used [0x00000000f0f00000,0x00000000f0f00000,0x00000000f2800000)
 ParOldGen       total 199168K, used 43168K [0x00000000a0000000, 0x00000000ac280000, 0x00000000e0000000)
  object space 199168K, 21% used [0x00000000a0000000,0x00000000a2a28318,0x00000000ac280000)
 Metaspace       used 88798K, capacity 94158K, committed 94296K, reserved 1130496K
  class space    used 11859K, capacity 12833K, committed 12928K, reserved 1048576K

Card table byte_map: [0x0000000011e00000,0x0000000012110000] byte_map_base: 0x0000000011900000

Marking Bits: (ParMarkBitMap*) 0x000000005f8ef030
 Begin Bits: [0x0000000012d10000, 0x0000000014510000)
 End Bits:   [0x0000000014510000, 0x0000000015d10000)

Polling page: 0x0000000000b30000

CodeCache: size=245760Kb used=41154Kb max_used=41156Kb free=204605Kb
 bounds [0x0000000002a40000, 0x00000000052b0000, 0x0000000011a40000]
 total_blobs=13630 nmethods=12774 adapters=767
 compilation: enabled

Compilation events (10 events):
Event: 277.662 Thread 0x0000000018143800 14953       3       org.gradle.internal.ImmutableActionSet$SetWithFewActions::execute (38 bytes)
Event: 277.662 Thread 0x000000001813a000 14952       4       org.gradle.internal.instantiation.generator.AsmBackedClassGenerator::getDisplayNameForNext (21 bytes)
Event: 277.662 Thread 0x0000000018143800 nmethod 14953 0x000000000529e990 code [0x000000000529eb00, 0x000000000529ee08]
Event: 277.663 Thread 0x0000000018143800 14954       3       kotlin.collections.CollectionsKt__CollectionsJVMKt::listOf (11 bytes)
Event: 277.663 Thread 0x0000000018143800 nmethod 14954 0x000000000529e210 code [0x000000000529e3a0, 0x000000000529e768]
Event: 277.664 Thread 0x0000000018143800 14957       3       org.gradle.api.internal.collections.DefaultCollectionEventRegister::registerLazyAddAction (6 bytes)
Event: 277.664 Thread 0x0000000018143800 nmethod 14957 0x000000000529dcd0 code [0x000000000529de40, 0x000000000529e0e8]
Event: 277.664 Thread 0x0000000018143800 14958       3       org.gradle.api.internal.AbstractValidatingNamedDomainObjectContainer::create (17 bytes)
Event: 277.665 Thread 0x0000000018143800 nmethod 14958 0x000000000529c890 code [0x000000000529cac0, 0x000000000529d738]
Event: 277.665 Thread 0x0000000018143800 14959       3       org.gradle.api.internal.artifacts.configurations.DefaultConfiguration::<init> (612 bytes)

GC Heap History (10 events):
Event: 9.463 GC heap before
{Heap before GC invocations=13 (full 3):
 PSYoungGen      total 228864K, used 14324K [0x00000000e0000000, 0x00000000f2000000, 0x0000000100000000)
  eden space 210944K, 0% used [0x00000000e0000000,0x00000000e0000000,0x00000000ece00000)
  from space 17920K, 79% used [0x00000000ee080000,0x00000000eee7d268,0x00000000ef200000)
  to   space 18944K, 0% used [0x00000000ece00000,0x00000000ece00000,0x00000000ee080000)
 ParOldGen       total 134144K, used 28381K [0x00000000a0000000, 0x00000000a8300000, 0x00000000e0000000)
  object space 134144K, 21% used [0x00000000a0000000,0x00000000a1bb7680,0x00000000a8300000)
 Metaspace       used 56430K, capacity 58858K, committed 58968K, reserved 1099776K
  class space    used 7724K, capacity 8216K, committed 8320K, reserved 1048576K
Event: 9.691 GC heap after
Heap after GC invocations=13 (full 3):
 PSYoungGen      total 228864K, used 0K [0x00000000e0000000, 0x00000000f2000000, 0x0000000100000000)
  eden space 210944K, 0% used [0x00000000e0000000,0x00000000e0000000,0x00000000ece00000)
  from space 17920K, 0% used [0x00000000ee080000,0x00000000ee080000,0x00000000ef200000)
  to   space 18944K, 0% used [0x00000000ece00000,0x00000000ece00000,0x00000000ee080000)
 ParOldGen       total 199168K, used 29848K [0x00000000a0000000, 0x00000000ac280000, 0x00000000e0000000)
  object space 199168K, 14% used [0x00000000a0000000,0x00000000a1d26130,0x00000000ac280000)
 Metaspace       used 56379K, capacity 58684K, committed 58968K, reserved 1099776K
  class space    used 7708K, capacity 8187K, committed 8320K, reserved 1048576K
}
Event: 13.045 GC heap before
{Heap before GC invocations=14 (full 3):
 PSYoungGen      total 228864K, used 210535K [0x00000000e0000000, 0x00000000f2000000, 0x0000000100000000)
  eden space 210944K, 99% used [0x00000000e0000000,0x00000000ecd99f50,0x00000000ece00000)
  from space 17920K, 0% used [0x00000000ee080000,0x00000000ee080000,0x00000000ef200000)
  to   space 18944K, 0% used [0x00000000ece00000,0x00000000ece00000,0x00000000ee080000)
 ParOldGen       total 199168K, used 29848K [0x00000000a0000000, 0x00000000ac280000, 0x00000000e0000000)
  object space 199168K, 14% used [0x00000000a0000000,0x00000000a1d26130,0x00000000ac280000)
 Metaspace       used 68129K, capacity 71594K, committed 71768K, reserved 1112064K
  class space    used 9419K, capacity 10063K, committed 10112K, reserved 1048576K
Event: 13.060 GC heap after
Heap after GC invocations=14 (full 3):
 PSYoungGen      total 229888K, used 18930K [0x00000000e0000000, 0x00000000f2100000, 0x0000000100000000)
  eden space 210944K, 0% used [0x00000000e0000000,0x00000000e0000000,0x00000000ece00000)
  from space 18944K, 99% used [0x00000000ece00000,0x00000000ee07c920,0x00000000ee080000)
  to   space 21504K, 0% used [0x00000000f0c00000,0x00000000f0c00000,0x00000000f2100000)
 ParOldGen       total 199168K, used 30496K [0x00000000a0000000, 0x00000000ac280000, 0x00000000e0000000)
  object space 199168K, 15% used [0x00000000a0000000,0x00000000a1dc8330,0x00000000ac280000)
 Metaspace       used 68129K, capacity 71594K, committed 71768K, reserved 1112064K
  class space    used 9419K, capacity 10063K, committed 10112K, reserved 1048576K
}
Event: 17.470 GC heap before
{Heap before GC invocations=15 (full 3):
 PSYoungGen      total 229888K, used 229874K [0x00000000e0000000, 0x00000000f2100000, 0x0000000100000000)
  eden space 210944K, 100% used [0x00000000e0000000,0x00000000ece00000,0x00000000ece00000)
  from space 18944K, 99% used [0x00000000ece00000,0x00000000ee07c920,0x00000000ee080000)
  to   space 21504K, 0% used [0x00000000f0c00000,0x00000000f0c00000,0x00000000f2100000)
 ParOldGen       total 199168K, used 30496K [0x00000000a0000000, 0x00000000ac280000, 0x00000000e0000000)
  object space 199168K, 15% used [0x00000000a0000000,0x00000000a1dc8330,0x00000000ac280000)
 Metaspace       used 82267K, capacity 87118K, committed 87384K, reserved 1124352K
  class space    used 11422K, capacity 12307K, committed 12416K, reserved 1048576K
Event: 17.491 GC heap after
Heap after GC invocations=15 (full 3):
 PSYoungGen      total 267776K, used 19709K [0x00000000e0000000, 0x00000000f1f80000, 0x0000000100000000)
  eden space 247808K, 0% used [0x00000000e0000000,0x00000000e0000000,0x00000000ef200000)
  from space 19968K, 98% used [0x00000000f0c00000,0x00000000f1f3f450,0x00000000f1f80000)
  to   space 23040K, 0% used [0x00000000ef280000,0x00000000ef280000,0x00000000f0900000)
 ParOldGen       total 199168K, used 43152K [0x00000000a0000000, 0x00000000ac280000, 0x00000000e0000000)
  object space 199168K, 21% used [0x00000000a0000000,0x00000000a2a24318,0x00000000ac280000)
 Metaspace       used 82267K, capacity 87118K, committed 87384K, reserved 1124352K
  class space    used 11422K, capacity 12307K, committed 12416K, reserved 1048576K
}
Event: 138.825 GC heap before
{Heap before GC invocations=16 (full 3):
 PSYoungGen      total 267776K, used 267517K [0x00000000e0000000, 0x00000000f1f80000, 0x0000000100000000)
  eden space 247808K, 100% used [0x00000000e0000000,0x00000000ef200000,0x00000000ef200000)
  from space 19968K, 98% used [0x00000000f0c00000,0x00000000f1f3f450,0x00000000f1f80000)
  to   space 23040K, 0% used [0x00000000ef280000,0x00000000ef280000,0x00000000f0900000)
 ParOldGen       total 199168K, used 43152K [0x00000000a0000000, 0x00000000ac280000, 0x00000000e0000000)
  object space 199168K, 21% used [0x00000000a0000000,0x00000000a2a24318,0x00000000ac280000)
 Metaspace       used 87312K, capacity 92326K, committed 92376K, reserved 1128448K
  class space    used 11814K, capacity 12755K, committed 12800K, reserved 1048576K
Event: 138.838 GC heap after
Heap after GC invocations=16 (full 3):
 PSYoungGen      total 271360K, used 14637K [0x00000000e0000000, 0x00000000f4180000, 0x0000000100000000)
  eden space 248320K, 0% used [0x00000000e0000000,0x00000000e0000000,0x00000000ef280000)
  from space 23040K, 63% used [0x00000000ef280000,0x00000000f00cb668,0x00000000f0900000)
  to   space 23040K, 0% used [0x00000000f2b00000,0x00000000f2b00000,0x00000000f4180000)
 ParOldGen       total 199168K, used 43160K [0x00000000a0000000, 0x00000000ac280000, 0x00000000e0000000)
  object space 199168K, 21% used [0x00000000a0000000,0x00000000a2a26318,0x00000000ac280000)
 Metaspace       used 87312K, capacity 92326K, committed 92376K, reserved 1128448K
  class space    used 11814K, capacity 12755K, committed 12800K, reserved 1048576K
}
Event: 235.039 GC heap before
{Heap before GC invocations=17 (full 3):
 PSYoungGen      total 271360K, used 262957K [0x00000000e0000000, 0x00000000f4180000, 0x0000000100000000)
  eden space 248320K, 100% used [0x00000000e0000000,0x00000000ef280000,0x00000000ef280000)
  from space 23040K, 63% used [0x00000000ef280000,0x00000000f00cb668,0x00000000f0900000)
  to   space 23040K, 0% used [0x00000000f2b00000,0x00000000f2b00000,0x00000000f4180000)
 ParOldGen       total 199168K, used 43160K [0x00000000a0000000, 0x00000000ac280000, 0x00000000e0000000)
  object space 199168K, 21% used [0x00000000a0000000,0x00000000a2a26318,0x00000000ac280000)
 Metaspace       used 88519K, capacity 93910K, committed 94040K, reserved 1130496K
  class space    used 11855K, capacity 12827K, committed 12928K, reserved 1048576K
Event: 235.057 GC heap after
Heap after GC invocations=17 (full 3):
 PSYoungGen      total 299008K, used 22187K [0x00000000e0000000, 0x00000000f4100000, 0x0000000100000000)
  eden space 276480K, 0% used [0x00000000e0000000,0x00000000e0000000,0x00000000f0e00000)
  from space 22528K, 98% used [0x00000000f2b00000,0x00000000f40aaf00,0x00000000f4100000)
  to   space 25600K, 0% used [0x00000000f0f00000,0x00000000f0f00000,0x00000000f2800000)
 ParOldGen       total 199168K, used 43168K [0x00000000a0000000, 0x00000000ac280000, 0x00000000e0000000)
  object space 199168K, 21% used [0x00000000a0000000,0x00000000a2a28318,0x00000000ac280000)
 Metaspace       used 88519K, capacity 93910K, committed 94040K, reserved 1130496K
  class space    used 11855K, capacity 12827K, committed 12928K, reserved 1048576K
}

Deoptimization events (10 events):
Event: 235.124 Thread 0x000000001f260000 Uncommon trap: reason=class_check action=maybe_recompile pc=0x00000000045d5c04 method=com.android.tools.r8.graph.x.collectMixedSectionItems(Lcom/android/tools/r8/dex/F;)V @ 4
Event: 235.124 Thread 0x000000001f260000 Uncommon trap: reason=class_check action=maybe_recompile pc=0x00000000045d5c04 method=com.android.tools.r8.graph.x.collectMixedSectionItems(Lcom/android/tools/r8/dex/F;)V @ 4
Event: 235.163 Thread 0x000000001f263000 Uncommon trap: reason=array_check action=maybe_recompile pc=0x00000000051b4768 method=java.util.TimSort.reverseRange([Ljava/lang/Object;II)V @ 20
Event: 235.163 Thread 0x000000001f263000 Uncommon trap: reason=array_check action=maybe_recompile pc=0x0000000003128dd0 method=java.util.TimSort.binarySort([Ljava/lang/Object;IIILjava/util/Comparator;)V @ 193
Event: 235.183 Thread 0x000000001f25f000 Uncommon trap: reason=class_check action=maybe_recompile pc=0x00000000044b5230 method=org.gradle.internal.fingerprint.classpath.impl.ClasspathFingerprintingStrategy$ClasspathContentFingerprintingVisitor.visitFile(Lorg/gradle/internal/snapshot/CompleteFile
Event: 235.184 Thread 0x000000001f25f000 Uncommon trap: reason=array_check action=maybe_recompile pc=0x00000000051b4768 method=java.util.TimSort.reverseRange([Ljava/lang/Object;II)V @ 20
Event: 235.472 Thread 0x000000001be43800 Uncommon trap: reason=unstable_if action=reinterpret pc=0x0000000004bf6490 method=java.util.concurrent.locks.AbstractQueuedSynchronizer.acquire(I)V @ 20
Event: 235.472 Thread 0x000000001ea27800 Uncommon trap: reason=unstable_if action=reinterpret pc=0x0000000004bf6490 method=java.util.concurrent.locks.AbstractQueuedSynchronizer.acquire(I)V @ 20
Event: 277.471 Thread 0x000000002f757800 Uncommon trap: reason=unstable_if action=reinterpret pc=0x0000000004c1e2cc method=org.gradle.internal.logging.console.BuildLogLevelFilterRenderer.onOutput(Lorg/gradle/internal/logging/events/OutputEvent;)V @ 18
Event: 277.603 Thread 0x000000002f762800 Uncommon trap: reason=unstable_if action=reinterpret pc=0x0000000002c64500 method=java.util.concurrent.locks.AbstractQueuedSynchronizer.unparkSuccessor(Ljava/util/concurrent/locks/AbstractQueuedSynchronizer$Node;)V @ 22

Classes redefined (0 events):
No events

Internal exceptions (10 events):
Event: 234.313 Thread 0x000000001f25f000 Exception <a 'sun/nio/fs/WindowsException'> (0x00000000e9b2fa48) thrown at [C:\src\AOSP-openjdk-git\hotspot\src\share\vm\prims\jni.cpp, line 710]
Event: 234.313 Thread 0x000000001f25f000 Exception <a 'sun/nio/fs/WindowsException'> (0x00000000e9b318c0) thrown at [C:\src\AOSP-openjdk-git\hotspot\src\share\vm\prims\jni.cpp, line 710]
Event: 234.313 Thread 0x000000001f25f000 Exception <a 'sun/nio/fs/WindowsException'> (0x00000000e9b325e8) thrown at [C:\src\AOSP-openjdk-git\hotspot\src\share\vm\prims\jni.cpp, line 710]
Event: 234.826 Thread 0x000000001f25f000 Exception <a 'sun/nio/fs/WindowsException'> (0x00000000ecb15e68) thrown at [C:\src\AOSP-openjdk-git\hotspot\src\share\vm\prims\jni.cpp, line 710]
Event: 234.826 Thread 0x000000001f25f000 Exception <a 'sun/nio/fs/WindowsException'> (0x00000000ecb16b70) thrown at [C:\src\AOSP-openjdk-git\hotspot\src\share\vm\prims\jni.cpp, line 710]
Event: 234.889 Thread 0x000000001f262000 Exception <a 'sun/nio/fs/WindowsException'> (0x00000000edbe7428) thrown at [C:\src\AOSP-openjdk-git\hotspot\src\share\vm\prims\jni.cpp, line 710]
Event: 234.978 Thread 0x000000001f262000 Exception <a 'sun/nio/fs/WindowsException'> (0x00000000ee296188) thrown at [C:\src\AOSP-openjdk-git\hotspot\src\share\vm\prims\jni.cpp, line 710]
Event: 235.013 Thread 0x000000001f263000 Exception <a 'sun/nio/fs/WindowsException'> (0x00000000ee9d6098) thrown at [C:\src\AOSP-openjdk-git\hotspot\src\share\vm\prims\jni.cpp, line 710]
Event: 235.161 Thread 0x000000001f260000 Exception <a 'sun/nio/fs/WindowsException'> (0x00000000e0d727e0) thrown at [C:\src\AOSP-openjdk-git\hotspot\src\share\vm\prims\jni.cpp, line 710]
Event: 277.603 Thread 0x000000002f762800 Implicit null exception at 0x0000000002c64428 to 0x0000000002c644cd

Events (10 events):
Event: 277.592 Thread 0x000000002f765000 Thread added: 0x000000002f765000
Event: 277.592 Thread 0x000000002f767000 Thread added: 0x000000002f767000
Event: 277.592 Thread 0x000000002f760800 Thread added: 0x000000002f760800
Event: 277.592 Thread 0x000000002f768800 Thread added: 0x000000002f768800
Event: 277.593 Thread 0x000000002f768000 Thread added: 0x000000002f768000
Event: 277.593 Thread 0x000000002f762000 Thread added: 0x000000002f762000
Event: 277.603 Thread 0x000000002f762800 Uncommon trap: trap_request=0xffffff65 fr.pc=0x0000000002c64500
Event: 277.603 Thread 0x000000002f762800 DEOPT PACKING pc=0x0000000002c64500 sp=0x000000002243dd10
Event: 277.603 Thread 0x000000002f762800 DEOPT UNPACKING pc=0x0000000002a8557b sp=0x000000002243dbb8 mode 2
Event: 277.645 Thread 0x000000002f76d000 Thread added: 0x000000002f76d000


Dynamic libraries:
0x00007ff7d9a80000 - 0x00007ff7d9ab1000 	C:\Program Files\Android\Android Studio1\jre\bin\java.exe
0x00007ff8290d0000 - 0x00007ff8292c6000 	C:\WINDOWS\SYSTEM32\ntdll.dll
0x00007ff827e00000 - 0x00007ff827ebd000 	C:\WINDOWS\System32\KERNEL32.DLL
0x00007ff826aa0000 - 0x00007ff826d69000 	C:\WINDOWS\System32\KERNELBASE.dll
0x00007ff8278e0000 - 0x00007ff82798c000 	C:\WINDOWS\System32\ADVAPI32.dll
0x00007ff8272d0000 - 0x00007ff82736e000 	C:\WINDOWS\System32\msvcrt.dll
0x00007ff8285b0000 - 0x00007ff82864c000 	C:\WINDOWS\System32\sechost.dll
0x00007ff8275b0000 - 0x00007ff8276db000 	C:\WINDOWS\System32\RPCRT4.dll
0x00007ff828690000 - 0x00007ff828830000 	C:\WINDOWS\System32\USER32.dll
0x00007ff826a70000 - 0x00007ff826a92000 	C:\WINDOWS\System32\win32u.dll
0x00007ff828660000 - 0x00007ff82868a000 	C:\WINDOWS\System32\GDI32.dll
0x00007ff826d70000 - 0x00007ff826e79000 	C:\WINDOWS\System32\gdi32full.dll
0x00007ff826e80000 - 0x00007ff826f1d000 	C:\WINDOWS\System32\msvcp_win.dll
0x00007ff826910000 - 0x00007ff826a10000 	C:\WINDOWS\System32\ucrtbase.dll
0x00007ff8145e0000 - 0x00007ff81487b000 	C:\WINDOWS\WinSxS\amd64_microsoft.windows.common-controls_6595b64144ccf1df_6.0.19041.488_none_ca04af081b815d21\COMCTL32.dll
0x00007ff8274a0000 - 0x00007ff8274d0000 	C:\WINDOWS\System32\IMM32.DLL
0x000000005f040000 - 0x000000005f112000 	C:\Program Files\Android\Android Studio1\jre\jre\bin\msvcr100.dll
0x000000005f120000 - 0x000000005f96b000 	C:\Program Files\Android\Android Studio1\jre\jre\bin\server\jvm.dll
0x00007ff828650000 - 0x00007ff828658000 	C:\WINDOWS\System32\PSAPI.DLL
0x00007ff814ac0000 - 0x00007ff814ae7000 	C:\WINDOWS\SYSTEM32\WINMM.dll
0x00007ff806240000 - 0x00007ff806249000 	C:\WINDOWS\SYSTEM32\WSOCK32.dll
0x00007ff81f020000 - 0x00007ff81f02a000 	C:\WINDOWS\SYSTEM32\VERSION.dll
0x00007ff827260000 - 0x00007ff8272cb000 	C:\WINDOWS\System32\WS2_32.dll
0x00007ff813500000 - 0x00007ff81350f000 	C:\Program Files\Android\Android Studio1\jre\jre\bin\verify.dll
0x00007ffff4080000 - 0x00007ffff40a9000 	C:\Program Files\Android\Android Studio1\jre\jre\bin\java.dll
0x00007ff813450000 - 0x00007ff813466000 	C:\Program Files\Android\Android Studio1\jre\jre\bin\zip.dll
0x00007ff828830000 - 0x00007ff828f72000 	C:\WINDOWS\System32\SHELL32.dll
0x00007ff824940000 - 0x00007ff8250d5000 	C:\WINDOWS\SYSTEM32\windows.storage.dll
0x00007ff828130000 - 0x00007ff828486000 	C:\WINDOWS\System32\combase.dll
0x00007ff826280000 - 0x00007ff8262ac000 	C:\WINDOWS\SYSTEM32\Wldp.dll
0x00007ff827800000 - 0x00007ff8278ae000 	C:\WINDOWS\System32\SHCORE.dll
0x00007ff828f80000 - 0x00007ff828fd5000 	C:\WINDOWS\System32\shlwapi.dll
0x00007ff826740000 - 0x00007ff826766000 	C:\WINDOWS\SYSTEM32\profapi.dll
0x00007ff8133f0000 - 0x00007ff81340a000 	C:\Program Files\Android\Android Studio1\jre\jre\bin\net.dll
0x00007ff826000000 - 0x00007ff82606a000 	C:\WINDOWS\system32\mswsock.dll
0x00007ff813370000 - 0x00007ff813383000 	C:\Program Files\Android\Android Studio1\jre\jre\bin\nio.dll
0x00007fffeb480000 - 0x00007fffeb4a7000 	C:\Users\vincent\.gradle\native\f6784746aeab05261644944871eae4fe03e0ef1612fff0a4a95f87b438bc6780\windows-amd64\native-platform.dll
0x00007ff8134f0000 - 0x00007ff8134fd000 	C:\Program Files\Android\Android Studio1\jre\jre\bin\management.dll
0x00007ff8261d0000 - 0x00007ff8261e8000 	C:\WINDOWS\SYSTEM32\CRYPTSP.dll
0x00007ff825920000 - 0x00007ff825954000 	C:\WINDOWS\system32\rsaenh.dll
0x00007ff826890000 - 0x00007ff8268b7000 	C:\WINDOWS\System32\bcrypt.dll
0x00007ff826700000 - 0x00007ff82672e000 	C:\WINDOWS\SYSTEM32\USERENV.dll
0x00007ff826810000 - 0x00007ff826890000 	C:\WINDOWS\System32\bcryptprimitives.dll
0x00007ff8261f0000 - 0x00007ff8261fc000 	C:\WINDOWS\SYSTEM32\CRYPTBASE.dll
0x00007ff825ca0000 - 0x00007ff825cdb000 	C:\WINDOWS\SYSTEM32\IPHLPAPI.DLL
0x00007ff8278b0000 - 0x00007ff8278b8000 	C:\WINDOWS\System32\NSI.dll
0x00007ff81f000000 - 0x00007ff81f017000 	C:\WINDOWS\SYSTEM32\dhcpcsvc6.DLL
0x00007ff81f540000 - 0x00007ff81f55d000 	C:\WINDOWS\SYSTEM32\dhcpcsvc.DLL
0x00007ff825ce0000 - 0x00007ff825dab000 	C:\WINDOWS\SYSTEM32\DNSAPI.dll
0x00007ff81f7f0000 - 0x00007ff81f7fb000 	C:\WINDOWS\SYSTEM32\WINNSI.DLL

VM Arguments:
jvm_args: -Xmx1536m -Dfile.encoding=x-windows-950 -Duser.country=TW -Duser.language=zh -Duser.variant 
java_command: org.gradle.launcher.daemon.bootstrap.GradleDaemon 6.5
java_class_path (initial): C:\Users\vincent\.gradle\wrapper\dists\gradle-6.5-bin\6nifqtx7604sqp1q6g8wikw7p\gradle-6.5\lib\gradle-launcher-6.5.jar
Launcher Type: SUN_STANDARD

Environment Variables:
PATH=C:\Program Files (x86)\Common Files\Oracle\Java\javapath;C:\Program Files (x86)\Intel\Intel(R) Management Engine Components\iCLS\;C:\Program Files\Intel\Intel(R) Management Engine Components\iCLS\;C:\Windows\system32;C:\Windows;C:\Windows\System32\Wbem;C:\Windows\System32\WindowsPowerShell\v1.0\;C:\Windows\System32\OpenSSH\;C:\Program Files\Intel\WiFi\bin\;C:\Program Files\Common Files\Intel\WirelessCommon\;C:\Program Files (x86)\Intel\Intel(R) Management Engine Components\DAL;C:\Program Files\Intel\Intel(R) Management Engine Components\DAL;C:\Program Files (x86)\Intel\Intel(R) Management Engine Components\IPT;C:\Program Files\Intel\Intel(R) Management Engine Components\IPT;C:\Program Files (x86)\NVIDIA Corporation\PhysX\Common;C:\Program Files\NVIDIA Corporation\NVIDIA NvDLISR;C:\Program Files (x86)\Bitvise SSH Client;C:\Program Files\Microsoft SQL Server\Client SDK\ODBC\110\Tools\Binn\;C:\Program Files (x86)\Microsoft SQL Server\120\Tools\Binn\;C:\Program Files\Microsoft SQL Server\120\Tools\Binn\;C:\Program Files\Microsoft SQL Server\120\DTS\Binn\;C:\Program Files (x86)\Windows Kits\8.1\Windows Performance Toolkit\;d:\program\altera\91sp2\quartus\bin;C:\Program Files\dotnet\;C:\WINDOWS\system32;C:\WINDOWS;C:\WINDOWS\System32\Wbem;C:\WINDOWS\System32\WindowsPowerShell\v1.0\;C:\WINDOWS\System32\OpenSSH\;C:\Program Files\Git\cmd;C:\Program Files (x86)\IVI Foundation\VISA\WinNT\Bin\;C:\Program Files\IVI Foundation\VISA\Win64\Bin\;D:\Program\Python\Python38\Scripts\;D:\Program\Python\Python38\;D:\Program\Python\Python38-32\Scripts\;D:\Program\Python\Python38-32\;C:\Users\vincent\AppData\Local\Microsoft\WindowsApps;C:\Program Files\Bandizip\;C:\Program Files\Intel\WiFi\bin\;C:\Program Files\Common Files\Intel\WirelessCommon\;C:\Program Files\qpdf-8.4.2\bin;D:\Program\MinGW\bin;C:\Program Files\Java\jdk1.8.0_211\bin;D:\Program\Python\Python37;D:\Program\cmake-3.18.2-win64-x64\bin;C:\opencv\build\x64\vc14\bin;D:\Android\Sdk\platform-tools;
USERNAME=vincent
OS=Windows_NT
PROCESSOR_IDENTIFIER=Intel64 Family 6 Model 158 Stepping 10, GenuineIntel



---------------  S Y S T E M  ---------------

OS: Windows 10.0 , 64 bit Build 19041 (10.0.19041.662)

CPU:total 12 (initial active 12) (6 cores per cpu, 2 threads per core) family 6 model 158 stepping 10, cmov, cx8, fxsr, mmx, sse, sse2, sse3, ssse3, sse4.1, sse4.2, popcnt, avx, avx2, aes, clmul, erms, 3dnowpref, lzcnt, ht, tsc, tscinvbit, bmi1, bmi2, adx

Memory: 4k page, physical 16616172k(1823080k free), swap 32004748k(4120k free)

vm_info: OpenJDK 64-Bit Server VM (25.242-b01) for windows-amd64 JRE (1.8.0_242-release-1644-b01), built by "builder" with MS VC++ 10.0 (VS2010)

time: Sun Dec 20 16:04:12 2020
timezone: 台北標準時間
elapsed time: 277 seconds (0d 0h 4m 37s)

